[23:57:20] [ERROR] cache_get_value_name_int: value 'NULL' is not a number (C:\Users\alyam\Desktop\Pears-Samp\Pears-Samp\gamemodes\pears.pwn:39901)
[23:57:20] [ERROR] cache_get_value_name_int: value 'NULL' is not a number (C:\Users\alyam\Desktop\Pears-Samp\Pears-Samp\gamemodes\pears.pwn:39901)
[23:57:20] [ERROR] cache_get_value_name_int: value 'NULL' is not a number (C:\Users\alyam\Desktop\Pears-Samp\Pears-Samp\gamemodes\pears.pwn:39901)
[23:57:20] [ERROR] cache_get_value_name_int: value 'NULL' is not a number (C:\Users\alyam\Desktop\Pears-Samp\Pears-Samp\gamemodes\pears.pwn:39901)
[23:57:20] [ERROR] cache_get_value_name_int: value 'NULL' is not a number (C:\Users\alyam\Desktop\Pears-Samp\Pears-Samp\gamemodes\pears.pwn:39901)
[23:57:20] [ERROR] cache_get_value_name_int: value 'NULL' is not a number (C:\Users\alyam\Desktop\Pears-Samp\Pears-Samp\gamemodes\pears.pwn:39901)
[23:57:20] [ERROR] cache_get_value_name_int: value 'NULL' is not a number (C:\Users\alyam\Desktop\Pears-Samp\Pears-Samp\gamemodes\pears.pwn:39901)
[00:12:16] [ERROR] cache_get_value_name_int: value 'NULL' is not a number (C:\Users\alyam\Desktop\Pears-Samp\Pears-Samp\gamemodes\pears.pwn:39902)
[00:12:16] [ERROR] cache_get_value_name_int: value 'NULL' is not a number (C:\Users\alyam\Desktop\Pears-Samp\Pears-Samp\gamemodes\pears.pwn:39902)
[00:12:16] [ERROR] cache_get_value_name_int: value 'NULL' is not a number (C:\Users\alyam\Desktop\Pears-Samp\Pears-Samp\gamemodes\pears.pwn:39902)
[00:12:16] [ERROR] cache_get_value_name_int: value 'NULL' is not a number (C:\Users\alyam\Desktop\Pears-Samp\Pears-Samp\gamemodes\pears.pwn:39902)
[00:12:16] [ERROR] cache_get_value_name_int: value 'NULL' is not a number (C:\Users\alyam\Desktop\Pears-Samp\Pears-Samp\gamemodes\pears.pwn:39902)
[00:12:16] [ERROR] cache_get_value_name_int: value 'NULL' is not a number (C:\Users\alyam\Desktop\Pears-Samp\Pears-Samp\gamemodes\pears.pwn:39902)
[00:12:16] [ERROR] cache_get_value_name_int: value 'NULL' is not a number (C:\Users\alyam\Desktop\Pears-Samp\Pears-Samp\gamemodes\pears.pwn:39902)
[00:17:59] [ERROR] cache_get_value_name_int: value 'NULL' is not a number (C:\Users\alyam\Desktop\Pears-Samp\Pears-Samp\gamemodes\pears.pwn:39902)
[00:17:59] [ERROR] cache_get_value_name_int: value 'NULL' is not a number (C:\Users\alyam\Desktop\Pears-Samp\Pears-Samp\gamemodes\pears.pwn:39902)
[00:17:59] [ERROR] cache_get_value_name_int: value 'NULL' is not a number (C:\Users\alyam\Desktop\Pears-Samp\Pears-Samp\gamemodes\pears.pwn:39902)
[00:17:59] [ERROR] cache_get_value_name_int: value 'NULL' is not a number (C:\Users\alyam\Desktop\Pears-Samp\Pears-Samp\gamemodes\pears.pwn:39902)
[00:17:59] [ERROR] cache_get_value_name_int: value 'NULL' is not a number (C:\Users\alyam\Desktop\Pears-Samp\Pears-Samp\gamemodes\pears.pwn:39902)
[00:17:59] [ERROR] cache_get_value_name_int: value 'NULL' is not a number (C:\Users\alyam\Desktop\Pears-Samp\Pears-Samp\gamemodes\pears.pwn:39902)
[00:17:59] [ERROR] cache_get_value_name_int: value 'NULL' is not a number (C:\Users\alyam\Desktop\Pears-Samp\Pears-Samp\gamemodes\pears.pwn:39902)
[00:24:57] [ERROR] cache_get_value_name_int: value 'NULL' is not a number (C:\Users\alyam\Desktop\Pears-Samp\Pears-Samp\gamemodes\pears.pwn:39902)
[00:24:57] [ERROR] cache_get_value_name_int: value 'NULL' is not a number (C:\Users\alyam\Desktop\Pears-Samp\Pears-Samp\gamemodes\pears.pwn:39902)
[00:24:57] [ERROR] cache_get_value_name_int: value 'NULL' is not a number (C:\Users\alyam\Desktop\Pears-Samp\Pears-Samp\gamemodes\pears.pwn:39902)
[00:24:57] [ERROR] cache_get_value_name_int: value 'NULL' is not a number (C:\Users\alyam\Desktop\Pears-Samp\Pears-Samp\gamemodes\pears.pwn:39902)
[00:24:57] [ERROR] cache_get_value_name_int: value 'NULL' is not a number (C:\Users\alyam\Desktop\Pears-Samp\Pears-Samp\gamemodes\pears.pwn:39902)
[00:24:57] [ERROR] cache_get_value_name_int: value 'NULL' is not a number (C:\Users\alyam\Desktop\Pears-Samp\Pears-Samp\gamemodes\pears.pwn:39902)
[00:24:57] [ERROR] cache_get_value_name_int: value 'NULL' is not a number (C:\Users\alyam\Desktop\Pears-Samp\Pears-Samp\gamemodes\pears.pwn:39902)
[00:29:12] [ERROR] cache_get_value_name_int: value 'NULL' is not a number (C:\Users\alyam\Desktop\Pears-Samp\Pears-Samp\gamemodes\pears.pwn:39902)
[00:29:12] [ERROR] cache_get_value_name_int: value 'NULL' is not a number (C:\Users\alyam\Desktop\Pears-Samp\Pears-Samp\gamemodes\pears.pwn:39902)
[00:29:12] [ERROR] cache_get_value_name_int: value 'NULL' is not a number (C:\Users\alyam\Desktop\Pears-Samp\Pears-Samp\gamemodes\pears.pwn:39902)
[00:29:12] [ERROR] cache_get_value_name_int: value 'NULL' is not a number (C:\Users\alyam\Desktop\Pears-Samp\Pears-Samp\gamemodes\pears.pwn:39902)
[00:29:12] [ERROR] cache_get_value_name_int: value 'NULL' is not a number (C:\Users\alyam\Desktop\Pears-Samp\Pears-Samp\gamemodes\pears.pwn:39902)
[00:29:12] [ERROR] cache_get_value_name_int: value 'NULL' is not a number (C:\Users\alyam\Desktop\Pears-Samp\Pears-Samp\gamemodes\pears.pwn:39902)
[00:29:12] [ERROR] cache_get_value_name_int: value 'NULL' is not a number (C:\Users\alyam\Desktop\Pears-Samp\Pears-Samp\gamemodes\pears.pwn:39902)
[00:36:34] [ERROR] cache_get_value_name_int: value 'NULL' is not a number (C:\Users\alyam\Desktop\Pears-Samp\Pears-Samp\gamemodes\pears.pwn:39902)
[00:36:34] [ERROR] cache_get_value_name_int: value 'NULL' is not a number (C:\Users\alyam\Desktop\Pears-Samp\Pears-Samp\gamemodes\pears.pwn:39902)
[00:36:34] [ERROR] cache_get_value_name_int: value 'NULL' is not a number (C:\Users\alyam\Desktop\Pears-Samp\Pears-Samp\gamemodes\pears.pwn:39902)
[00:36:34] [ERROR] cache_get_value_name_int: value 'NULL' is not a number (C:\Users\alyam\Desktop\Pears-Samp\Pears-Samp\gamemodes\pears.pwn:39902)
[00:36:34] [ERROR] cache_get_value_name_int: value 'NULL' is not a number (C:\Users\alyam\Desktop\Pears-Samp\Pears-Samp\gamemodes\pears.pwn:39902)
[00:36:34] [ERROR] cache_get_value_name_int: value 'NULL' is not a number (C:\Users\alyam\Desktop\Pears-Samp\Pears-Samp\gamemodes\pears.pwn:39902)
[00:36:34] [ERROR] cache_get_value_name_int: value 'NULL' is not a number (C:\Users\alyam\Desktop\Pears-Samp\Pears-Samp\gamemodes\pears.pwn:39902)
[02:28:29] [ERROR] cache_get_value_name_int: value 'NULL' is not a number (C:\Users\alyam\Desktop\Pears-Samp\Pears-Samp\gamemodes\pears.pwn:39902)
[02:28:29] [ERROR] cache_get_value_name_int: value 'NULL' is not a number (C:\Users\alyam\Desktop\Pears-Samp\Pears-Samp\gamemodes\pears.pwn:39902)
[02:28:29] [ERROR] cache_get_value_name_int: value 'NULL' is not a number (C:\Users\alyam\Desktop\Pears-Samp\Pears-Samp\gamemodes\pears.pwn:39902)
[02:28:29] [ERROR] cache_get_value_name_int: value 'NULL' is not a number (C:\Users\alyam\Desktop\Pears-Samp\Pears-Samp\gamemodes\pears.pwn:39902)
[02:28:29] [ERROR] cache_get_value_name_int: value 'NULL' is not a number (C:\Users\alyam\Desktop\Pears-Samp\Pears-Samp\gamemodes\pears.pwn:39902)
[02:28:29] [ERROR] cache_get_value_name_int: value 'NULL' is not a number (C:\Users\alyam\Desktop\Pears-Samp\Pears-Samp\gamemodes\pears.pwn:39902)
[02:28:29] [ERROR] cache_get_value_name_int: value 'NULL' is not a number (C:\Users\alyam\Desktop\Pears-Samp\Pears-Samp\gamemodes\pears.pwn:39902)
[02:40:55] [ERROR] cache_get_value_name_int: value 'NULL' is not a number (C:\Users\alyam\Desktop\Pears-Samp\Pears-Samp\gamemodes\pears.pwn:39902)
[02:40:55] [ERROR] cache_get_value_name_int: value 'NULL' is not a number (C:\Users\alyam\Desktop\Pears-Samp\Pears-Samp\gamemodes\pears.pwn:39902)
[02:40:55] [ERROR] cache_get_value_name_int: value 'NULL' is not a number (C:\Users\alyam\Desktop\Pears-Samp\Pears-Samp\gamemodes\pears.pwn:39902)
[02:40:55] [ERROR] cache_get_value_name_int: value 'NULL' is not a number (C:\Users\alyam\Desktop\Pears-Samp\Pears-Samp\gamemodes\pears.pwn:39902)
[02:40:55] [ERROR] cache_get_value_name_int: value 'NULL' is not a number (C:\Users\alyam\Desktop\Pears-Samp\Pears-Samp\gamemodes\pears.pwn:39902)
[02:40:55] [ERROR] cache_get_value_name_int: value 'NULL' is not a number (C:\Users\alyam\Desktop\Pears-Samp\Pears-Samp\gamemodes\pears.pwn:39902)
[02:40:55] [ERROR] cache_get_value_name_int: value 'NULL' is not a number (C:\Users\alyam\Desktop\Pears-Samp\Pears-Samp\gamemodes\pears.pwn:39902)
[23:30:40] [ERROR] cache_insert_id: no active cache (C:\Users\alyam\Desktop\Pears-Samp\Pears-Samp\pawno\include\source/accessory.pwn:828 -> C:\Users\alyam\Desktop\Pears-Samp\Pears-Samp\pawno\include\source/accessory.pwn:802 -> C:\Users\alyam\Desktop\Pears-Samp\Pears-Samp\gamemodes\pears.pwn:13472 -> C:\Users\alyam\Desktop\Pears-Samp\Pears-Samp\gamemodes\pears.pwn:35139 -> C:\Users\alyam\Desktop\Pears-Samp\Pears-Samp\gamemodes\pears.pwn:69860)
[23:50:20] [ERROR] cache_insert_id: no active cache (C:\Users\alyam\Desktop\Pears-Samp\Pears-Samp\pawno\include\source/accessory.pwn:828 -> C:\Users\alyam\Desktop\Pears-Samp\Pears-Samp\pawno\include\source/accessory.pwn:802 -> C:\Users\alyam\Desktop\Pears-Samp\Pears-Samp\gamemodes\pears.pwn:13472 -> C:\Users\alyam\Desktop\Pears-Samp\Pears-Samp\gamemodes\pears.pwn:35137 -> C:\Users\alyam\Desktop\Pears-Samp\Pears-Samp\gamemodes\pears.pwn:69853)
[12:49:26] [ERROR] error #2013 while executing query "SET NAMES 'cp1251'": Lost connection to MySQL server during query (C:\Users\alyam\Desktop\Pears-Samp\Pears-Samp\gamemodes\pears.pwn:45843)
[12:49:26] [ERROR] error #2013 while executing query "SET NAMES 'cp1251'": Lost connection to MySQL server during query (C:\Users\alyam\Desktop\Pears-Samp\Pears-Samp\gamemodes\pears.pwn:45846)
[12:49:38] [ERROR] error #2005 while executing query "SET CHARACTER SET 'cp1251'": Unknown MySQL Server Host 'server133.hosting.reg.ru' (11001) (C:\Users\alyam\Desktop\Pears-Samp\Pears-Samp\gamemodes\pears.pwn:45844)
[12:49:38] [ERROR] error #2005 while executing query "SET CHARACTER SET 'cp1251'": Unknown MySQL Server Host 'server133.hosting.reg.ru' (11001) (C:\Users\alyam\Desktop\Pears-Samp\Pears-Samp\gamemodes\pears.pwn:45847)
[18:41:14] [ERROR] cache_insert_id: no active cache (C:\Users\alyam\Desktop\Pears-Samp\Pears-Samp\pawno\include\source/accessory.pwn:828 -> C:\Users\alyam\Desktop\Pears-Samp\Pears-Samp\pawno\include\source/accessory.pwn:802 -> C:\Users\alyam\Desktop\Pears-Samp\Pears-Samp\gamemodes\pears.pwn:13460 -> C:\Users\alyam\Desktop\Pears-Samp\Pears-Samp\gamemodes\pears.pwn:35005 -> C:\Users\alyam\Desktop\Pears-Samp\Pears-Samp\gamemodes\pears.pwn:69492)
[19:01:16] [ERROR] cache_insert_id: no active cache (C:\Users\alyam\Desktop\Pears-Samp\Pears-Samp\pawno\include\source/accessory.pwn:828 -> C:\Users\alyam\Desktop\Pears-Samp\Pears-Samp\pawno\include\source/accessory.pwn:802 -> C:\Users\alyam\Desktop\Pears-Samp\Pears-Samp\gamemodes\pears.pwn:13460 -> C:\Users\alyam\Desktop\Pears-Samp\Pears-Samp\gamemodes\pears.pwn:35005 -> C:\Users\alyam\Desktop\Pears-Samp\Pears-Samp\gamemodes\pears.pwn:69492)
[19:01:19] [ERROR] cache_insert_id: no active cache (C:\Users\alyam\Desktop\Pears-Samp\Pears-Samp\pawno\include\source/accessory.pwn:828 -> C:\Users\alyam\Desktop\Pears-Samp\Pears-Samp\pawno\include\source/accessory.pwn:802 -> C:\Users\alyam\Desktop\Pears-Samp\Pears-Samp\gamemodes\pears.pwn:13460 -> C:\Users\alyam\Desktop\Pears-Samp\Pears-Samp\gamemodes\pears.pwn:35005 -> C:\Users\alyam\Desktop\Pears-Samp\Pears-Samp\gamemodes\pears.pwn:69492)
[19:01:21] [ERROR] cache_insert_id: no active cache (C:\Users\alyam\Desktop\Pears-Samp\Pears-Samp\pawno\include\source/accessory.pwn:828 -> C:\Users\alyam\Desktop\Pears-Samp\Pears-Samp\pawno\include\source/accessory.pwn:802 -> C:\Users\alyam\Desktop\Pears-Samp\Pears-Samp\gamemodes\pears.pwn:13460 -> C:\Users\alyam\Desktop\Pears-Samp\Pears-Samp\gamemodes\pears.pwn:35005 -> C:\Users\alyam\Desktop\Pears-Samp\Pears-Samp\gamemodes\pears.pwn:69492)
[19:01:56] [ERROR] cache_insert_id: no active cache (C:\Users\alyam\Desktop\Pears-Samp\Pears-Samp\pawno\include\source/accessory.pwn:828 -> C:\Users\alyam\Desktop\Pears-Samp\Pears-Samp\pawno\include\source/accessory.pwn:802 -> C:\Users\alyam\Desktop\Pears-Samp\Pears-Samp\gamemodes\pears.pwn:13460 -> C:\Users\alyam\Desktop\Pears-Samp\Pears-Samp\gamemodes\pears.pwn:35005 -> C:\Users\alyam\Desktop\Pears-Samp\Pears-Samp\gamemodes\pears.pwn:69492)
[22:04:33] [ERROR] mysql_tquery: callback error: parameter count does not match format specifier length (C:\Users\alyam\Desktop\Pears-Samp\Pears-Samp\gamemodes\pears.pwn:67453)
[21:26:47] [ERROR] error #1146 while executing query "INSERT INTO `labor_logs`(`frakid`,`action`,`playerid`,`player`,`unix`,`row`,`rows`) VALUES ('2','invite','21344261','Amschel_Pai','1686940006','0','')": Table 'u1766557_test_pp_log.labor_logs' doesn't exist (pears.pwn:20494 -> pears.pwn:14186)
[21:26:56] [ERROR] error #1146 while executing query "INSERT INTO `labor_logs`(`frakid`,`action`,`playerid`,`player`,`unix`,`row`,`rows`) VALUES ('2','uninvite','21344261','Amschel_Pai','1686940016','0','PIDOR')": Table 'u1766557_test_pp_log.labor_logs' doesn't exist (pears.pwn:20494 -> pears.pwn:63682 -> pears.pwn:63681)
[21:33:56] [ERROR] error #2013 while executing query "UPDATE `weather` SET `lastday`='167',`d0`='0',`d1`='0',`d2`='12',`d3`='4',`d4`='0',`d5`='4',`d6`='0',`d7`='4',`d8`='0',`d9`='0',`d10`='4',`d11`='0',`d12`='4',`d13`='4' WHERE `newid`='1'": Lost connection to MySQL server during query (pears.pwn:37053 -> pears.pwn:37044)
[21:34:01] [ERROR] error #2013 while executing query "UPDATE `pp_organization` SET `lave`='0',`benz`='0',`mats`='0',`depozit`='0',`caracc0`='0',`caracc1`='0',`caracc2`='0',`caracc3`='0',`caracc4`='0',`caracc5`='0',`caracc6`='0',`caracc7`='0',`caracc8`='0',`caracc9`='0',`war1`='0',`war2`='0',`war3`='0',`war4`='0',`war5`='0',`union1`='0',`union2`='0',`union3`='0',`union4`='0',`union5`='0',`drugs1`='0',`drugs2`='0',`drugs3`='32990',`drugs4`='0',`apt`='0',`food`='0',`cvetcar`='54',`interval`='0',`SCbug`='0',`SanCbug`='0',`Rejim2`='0',`cash`='0',`map`='0' WHERE `frakid`='0'": Lost connection to MySQL server during query (pears.pwn:46158 -> pears.pwn:18067 -> C:\Users\alyam\Desktop\Pears-Samp\Pears-Samp\pawno\include\mobile.inc:65 -> C:\Users\alyam\Desktop\Pears-Samp\Pears-Samp\pawno\include\sscanf2.inc:259)
[22:26:03] [ERROR] CConnection::CConnection - establishing connection to MySQL database failed: #2005 'Unknown MySQL Server Host 'server133.hosting.reg.ru' (11001)'
[22:30:57] [ERROR] mysql_escape_string: can't escape string '' (pears.pwn:44800 -> pears.pwn:34831 -> pears.pwn:44902)
[22:30:58] [ERROR] mysql_escape_string: can't escape string '' (pears.pwn:44802 -> pears.pwn:34831 -> pears.pwn:44902)
[22:30:58] [ERROR] mysql_escape_string: can't escape string '' (pears.pwn:44803 -> pears.pwn:34831 -> pears.pwn:44902)
[22:30:58] [ERROR] mysql_escape_string: can't escape string '' (pears.pwn:44804 -> pears.pwn:34831 -> pears.pwn:44902)
[22:31:43] [ERROR] mysql_escape_string: can't escape string '' (pears.pwn:44800 -> pears.pwn:34831 -> pears.pwn:45068 -> pears.pwn:63745)
[22:31:43] [ERROR] mysql_escape_string: can't escape string '' (pears.pwn:44801 -> pears.pwn:34831 -> pears.pwn:45068 -> pears.pwn:63745)
[22:31:43] [ERROR] mysql_escape_string: can't escape string '' (pears.pwn:44802 -> pears.pwn:34831 -> pears.pwn:45068 -> pears.pwn:63745)
[22:31:43] [ERROR] mysql_escape_string: can't escape string '' (pears.pwn:44803 -> pears.pwn:34831 -> pears.pwn:45068 -> pears.pwn:63745)
[22:31:43] [ERROR] mysql_escape_string: can't escape string '' (pears.pwn:44804 -> pears.pwn:34831 -> pears.pwn:45068 -> pears.pwn:63745)
[22:31:47] [ERROR] mysql_escape_string: can't escape string '' (pears.pwn:46664 -> pears.pwn:43827)
[22:31:47] [ERROR] mysql_escape_string: can't escape string '' (pears.pwn:46665 -> pears.pwn:43827)
[22:31:47] [ERROR] mysql_escape_string: can't escape string '' (pears.pwn:46666 -> pears.pwn:43827)
[22:31:47] [ERROR] mysql_escape_string: can't escape string '' (pears.pwn:46667 -> pears.pwn:43827)
[22:31:47] [ERROR] mysql_escape_string: can't escape string '' (pears.pwn:46668 -> pears.pwn:43827)
[22:31:47] [ERROR] mysql_escape_string: can't escape string '' (pears.pwn:46669 -> pears.pwn:43827)
[22:31:47] [ERROR] mysql_escape_string: can't escape string '' (pears.pwn:46670 -> pears.pwn:43827)
[22:31:47] [ERROR] mysql_escape_string: can't escape string '' (pears.pwn:46671 -> pears.pwn:43827)
[22:31:47] [ERROR] mysql_escape_string: can't escape string '' (pears.pwn:46672 -> pears.pwn:43827)
[22:31:47] [ERROR] mysql_escape_string: can't escape string '' (pears.pwn:46673 -> pears.pwn:43827)
[22:31:47] [ERROR] mysql_escape_string: can't escape string '' (pears.pwn:46674 -> pears.pwn:43827)
[22:31:47] [ERROR] mysql_escape_string: can't escape string '' (pears.pwn:46675 -> pears.pwn:43827)
[22:36:26] [ERROR] mysql_escape_string: can't escape string '' (pears.pwn:44800 -> pears.pwn:44360 -> pears.pwn:63745)
[22:36:26] [ERROR] mysql_escape_string: can't escape string '' (pears.pwn:44802 -> pears.pwn:44360 -> pears.pwn:63745)
[22:36:26] [ERROR] mysql_escape_string: can't escape string '' (pears.pwn:44803 -> pears.pwn:44360 -> pears.pwn:63745)
[22:36:26] [ERROR] mysql_escape_string: can't escape string '' (pears.pwn:44804 -> pears.pwn:44360 -> pears.pwn:63745)
[22:36:26] [ERROR] mysql_escape_string: can't escape string '' (pears.pwn:44800 -> pears.pwn:44360 -> pears.pwn:63745)
[22:36:26] [ERROR] mysql_escape_string: can't escape string '' (pears.pwn:44801 -> pears.pwn:44360 -> pears.pwn:63745)
[22:36:26] [ERROR] mysql_escape_string: can't escape string '' (pears.pwn:44802 -> pears.pwn:44360 -> pears.pwn:63745)
[22:36:26] [ERROR] mysql_escape_string: can't escape string '' (pears.pwn:44803 -> pears.pwn:44360 -> pears.pwn:63745)
[22:36:26] [ERROR] mysql_escape_string: can't escape string '' (pears.pwn:44804 -> pears.pwn:44360 -> pears.pwn:63745)
[22:50:52] [ERROR] mysql_escape_string: can't escape string '' (pears.pwn:46396 -> pears.pwn:44207)
[23:28:34] [ERROR] error #2013 while executing query "UPDATE `pp_organization` SET `food` = '1' WHERE `frakid` = '0'": Lost connection to MySQL server during query (pears.pwn:30051)
[23:56:03] [ERROR] error #2013 while executing query "SET NAMES 'cp1251'": Lost connection to MySQL server during query (pears.pwn:43787)
[23:56:03] [ERROR] error #2013 while executing query "SET NAMES 'cp1251'": Lost connection to MySQL server during query (pears.pwn:43790)
